2024-11-04 06:57:25.714 [info] [main] ログ レベル: Info
2024-11-04 06:57:25.714 [info] [main] Git の検証が検出されました: "git"
2024-11-04 06:57:25.714 [info] [main] "git" から Git "2.34.1" を使用しています
2024-11-04 06:57:25.714 [info] [Model][doInitialScan] Initial repository scan started
2024-11-04 06:57:25.714 [info] > git rev-parse --show-toplevel [45ms]
2024-11-04 06:57:25.714 [info] fatal: not a git repository (or any of the parent directories): .git
2024-11-04 06:57:25.714 [info] > git rev-parse --show-toplevel [153ms]
2024-11-04 06:57:25.728 [info] > git rev-parse --git-dir --git-common-dir [6ms]
2024-11-04 06:57:25.770 [info] [Model][openRepository] Opened repository: /home/tommyoguro/ruby_oop_task
2024-11-04 06:57:25.803 [info] > git config --get commit.template [11ms]
2024-11-04 06:57:25.805 [info] > git rev-parse --show-toplevel [6ms]
2024-11-04 06:57:25.839 [info] > git rev-parse --show-toplevel [4ms]
2024-11-04 06:57:25.839 [info] fatal: not a git repository (or any of the parent directories): .git
2024-11-04 06:57:25.853 [info] > git rev-parse --show-toplevel [1ms]
2024-11-04 06:57:25.853 [info] fatal: not a git repository (or any of the parent directories): .git
2024-11-04 06:57:25.867 [info] > git rev-parse --show-toplevel [3ms]
2024-11-04 06:57:25.867 [info] fatal: not a git repository (or any of the parent directories): .git
2024-11-04 06:57:25.908 [info] > git rev-parse --show-toplevel [35ms]
2024-11-04 06:57:25.908 [info] fatal: not a git repository (or any of the parent directories): .git
2024-11-04 06:57:25.908 [info] > git for-each-ref --format=%(refname)%00%(upstream:short)%00%(objectname)%00%(upstream:track)%00%(upstream:remotename)%00%(upstream:remoteref) refs/heads/master refs/remotes/master [89ms]
2024-11-04 06:57:25.938 [warning] [Git][revParse] Unable to read file: ENOENT: no such file or directory, open '/home/tommyoguro/ruby_oop_task/.git/refs/remotes/origin/master'
2024-11-04 06:57:25.940 [info] > git rev-parse refs/remotes/origin/master [5ms]
2024-11-04 06:57:25.981 [info] > git rev-parse --show-toplevel [65ms]
2024-11-04 06:57:26.007 [info] > git for-each-ref --sort -committerdate --format %(refname) %(objectname) %(*objectname) [28ms]
2024-11-04 06:57:26.074 [info] > git status -z -uall [127ms]
2024-11-04 06:57:26.074 [info] > git rev-parse --git-dir --git-common-dir [70ms]
2024-11-04 06:57:26.106 [info] [Model][openRepository] Opened repository: /home/tommyoguro/.rbenv
2024-11-04 06:57:26.190 [info] > git rev-parse --show-toplevel [71ms]
2024-11-04 06:57:26.190 [info] fatal: not a git repository (or any of the parent directories): .git
2024-11-04 06:57:26.191 [info] > git config --get commit.template [75ms]
2024-11-04 06:57:26.197 [info] > git config --get commit.template [11ms]
2024-11-04 06:57:26.197 [info] > git for-each-ref --format=%(refname)%00%(upstream:short)%00%(objectname)%00%(upstream:track)%00%(upstream:remotename)%00%(upstream:remoteref) refs/heads/master refs/remotes/master [43ms]
2024-11-04 06:57:26.214 [info] > git config --local branch.master.vscode-merge-base [8ms]
2024-11-04 06:57:26.227 [info] > git rev-parse --show-toplevel [32ms]
2024-11-04 06:57:26.227 [info] fatal: not a git repository (or any of the parent directories): .git
2024-11-04 06:57:26.399 [info] > git for-each-ref --format=%(refname)%00%(upstream:short)%00%(objectname)%00%(upstream:track)%00%(upstream:remotename)%00%(upstream:remoteref) refs/heads/origin/master refs/remotes/origin/master [173ms]
2024-11-04 06:57:26.418 [info] > git for-each-ref --format=%(refname)%00%(upstream:short)%00%(objectname)%00%(upstream:track)%00%(upstream:remotename)%00%(upstream:remoteref) refs/heads/master refs/remotes/master [205ms]
2024-11-04 06:57:26.446 [info] > git rev-parse --show-toplevel [90ms]
2024-11-04 06:57:26.446 [info] fatal: not a git repository (or any of the parent directories): .git
2024-11-04 06:57:26.447 [info] > git for-each-ref --format=%(refname)%00%(upstream:short)%00%(objectname)%00%(upstream:track)%00%(upstream:remotename)%00%(upstream:remoteref) refs/heads/master refs/remotes/master [95ms]
2024-11-04 06:57:26.455 [warning] [Git][revParse] Unable to read file: ENOENT: no such file or directory, open '/home/tommyoguro/.rbenv/.git/refs/remotes/origin/master'
2024-11-04 06:57:26.472 [warning] [Git][revParse] Unable to read file: ENOENT: no such file or directory, open '/home/tommyoguro/ruby_oop_task/.git/refs/remotes/origin/master'
2024-11-04 06:57:26.472 [info] > git merge-base refs/heads/master refs/remotes/origin/master [57ms]
2024-11-04 06:57:26.503 [info] > git rev-parse refs/remotes/origin/master [32ms]
2024-11-04 06:57:26.520 [info] > git rev-parse --show-toplevel [54ms]
2024-11-04 06:57:26.520 [info] fatal: not a git repository (or any of the parent directories): .git
2024-11-04 06:57:26.521 [info] > git rev-parse refs/remotes/origin/master [66ms]
2024-11-04 06:57:26.556 [info] > git status -z -uall [50ms]
2024-11-04 06:57:26.557 [info] > git check-ignore -v -z --stdin [9ms]
2024-11-04 06:57:26.561 [info] > git for-each-ref --sort -committerdate --format %(refname) %(objectname) %(*objectname) [42ms]
2024-11-04 06:57:26.592 [info] > git log --format=%H%n%aN%n%aE%n%at%n%ct%n%P%n%D%n%B -z --shortstat --diff-merges=first-parent -n50 --skip=0 --topo-order --decorate=full --stdin [90ms]
2024-11-04 06:57:26.606 [info] > git diff --name-status -z --diff-filter=ADMR aa627a4809fa73e1973e37e0995dd04f5331c7f1...refs/remotes/origin/master [124ms]
2024-11-04 06:57:26.611 [info] > git merge-base refs/heads/master refs/remotes/origin/master [26ms]
2024-11-04 06:57:26.622 [info] > git rev-parse --show-toplevel [67ms]
2024-11-04 06:57:26.622 [info] fatal: not a git repository (or any of the parent directories): .git
2024-11-04 06:57:26.623 [info] > git for-each-ref --sort -committerdate --format %(refname) %(objectname) %(*objectname) [86ms]
2024-11-04 06:57:26.639 [info] > git status -z -uall [110ms]
2024-11-04 06:57:26.640 [info] > git diff --name-status -z --diff-filter=ADMR aa627a4809fa73e1973e37e0995dd04f5331c7f1...refs/remotes/origin/master [18ms]
2024-11-04 06:57:26.643 [info] > git rev-parse --show-toplevel [4ms]
2024-11-04 06:57:26.643 [info] fatal: not a git repository (or any of the parent directories): .git
2024-11-04 06:57:26.865 [info] > git for-each-ref --format=%(refname)%00%(upstream:short)%00%(objectname)%00%(upstream:track)%00%(upstream:remotename)%00%(upstream:remoteref) refs/heads/master refs/remotes/master [206ms]
2024-11-04 06:57:26.884 [info] > git config --local branch.master.vscode-merge-base [13ms]
2024-11-04 06:57:26.889 [info] > git config --get commit.template [27ms]
2024-11-04 06:57:26.889 [info] > git rev-parse --show-toplevel [30ms]
2024-11-04 06:57:26.889 [info] fatal: not a git repository (or any of the parent directories): .git
2024-11-04 06:57:26.901 [info] > git for-each-ref --format=%(refname)%00%(upstream:short)%00%(objectname)%00%(upstream:track)%00%(upstream:remotename)%00%(upstream:remoteref) refs/heads/origin/master refs/remotes/origin/master [13ms]
2024-11-04 06:57:26.914 [info] > git merge-base refs/heads/master refs/remotes/origin/master [8ms]
2024-11-04 06:57:26.919 [info] > git rev-parse --show-toplevel [21ms]
2024-11-04 06:57:26.919 [info] fatal: not a git repository (or any of the parent directories): .git
2024-11-04 06:57:26.926 [info] > git diff --name-status -z --diff-filter=ADMR c335ab83de40d48093870d300de52c61bbd68359...refs/remotes/origin/master [8ms]
2024-11-04 06:57:26.927 [info] > git for-each-ref --format=%(refname)%00%(upstream:short)%00%(objectname)%00%(upstream:track)%00%(upstream:remotename)%00%(upstream:remoteref) refs/heads/master refs/remotes/master [16ms]
2024-11-04 06:57:26.977 [info] > git rev-parse --show-toplevel [52ms]
2024-11-04 06:57:26.981 [warning] [Git][revParse] Unable to read file: ENOENT: no such file or directory, open '/home/tommyoguro/.rbenv/.git/refs/remotes/origin/master'
2024-11-04 06:57:26.987 [info] > git rev-parse --git-dir --git-common-dir [3ms]
2024-11-04 06:57:26.996 [info] [Model][openRepository] Opened repository: /home/tommyoguro/ruby_sample
2024-11-04 06:57:26.997 [info] > git rev-parse refs/remotes/origin/master [16ms]
2024-11-04 06:57:27.016 [info] > git status -z -uall [16ms]
2024-11-04 06:57:27.018 [info] > git rev-parse --show-toplevel [3ms]
2024-11-04 06:57:27.018 [info] fatal: not a git repository (or any of the parent directories): .git
2024-11-04 06:57:27.019 [info] > git config --get commit.template [7ms]
2024-11-04 06:57:27.019 [info] > git for-each-ref --sort -committerdate --format %(refname) %(objectname) %(*objectname) [16ms]
2024-11-04 06:57:27.039 [info] > git rev-parse --show-toplevel [9ms]
2024-11-04 06:57:27.039 [info] fatal: not a git repository (or any of the parent directories): .git
2024-11-04 06:57:27.051 [info] [Model][doInitialScan] Initial repository scan completed - repositories (3), closed repositories (0), parent repositories (0), unsafe repositories (0)
2024-11-04 06:57:27.077 [info] > git show --textconv :lib/shopping_app.rb [18ms]
2024-11-04 06:57:27.077 [info] > git show --textconv :lib/shopping_app/ownable.rb [13ms]
2024-11-04 06:57:27.077 [info] > git ls-files --stage -- /home/tommyoguro/ruby_oop_task/lib/shopping_app.rb [9ms]
2024-11-04 06:57:27.083 [info] > git for-each-ref --format=%(refname)%00%(upstream:short)%00%(objectname)%00%(upstream:track)%00%(upstream:remotename)%00%(upstream:remoteref) refs/heads/main refs/remotes/main [45ms]
2024-11-04 06:57:27.084 [info] > git cat-file -s 0e17de0f3ea5ec9a244bb199a17a5c67c8da0176 [4ms]
2024-11-04 06:57:27.085 [info] > git rev-parse --show-toplevel [11ms]
2024-11-04 06:57:27.085 [info] fatal: not a git repository (or any of the parent directories): .git
2024-11-04 06:57:27.085 [info] > git ls-files --stage -- /home/tommyoguro/ruby_oop_task/lib/shopping_app/ownable.rb [14ms]
2024-11-04 06:57:27.098 [info] > git rev-parse --show-toplevel [1ms]
2024-11-04 06:57:27.098 [info] fatal: not a git repository (or any of the parent directories): .git
2024-11-04 06:57:27.098 [info] > git cat-file -s 8c74d44e74d938309c1c9a51ea0dbcb3a888786d [10ms]
2024-11-04 06:57:27.111 [info] > git status -z -uall [9ms]
2024-11-04 06:57:27.112 [info] > git for-each-ref --sort -committerdate --format %(refname) %(objectname) %(*objectname) [4ms]
2024-11-04 06:57:27.136 [info] > git for-each-ref --format=%(refname)%00%(upstream:short)%00%(objectname)%00%(upstream:track)%00%(upstream:remotename)%00%(upstream:remoteref) refs/heads/main refs/remotes/main [10ms]
2024-11-04 06:57:27.140 [info] > git config --get commit.template [8ms]
2024-11-04 06:57:27.163 [info] > git config --local branch.main.vscode-merge-base [23ms]
2024-11-04 06:57:27.163 [warning] [Git][config] git config failed: Failed to execute git
2024-11-04 06:57:27.169 [info] > git for-each-ref --format=%(refname)%00%(upstream:short)%00%(objectname)%00%(upstream:track)%00%(upstream:remotename)%00%(upstream:remoteref) refs/heads/main refs/remotes/main [25ms]
2024-11-04 06:57:27.180 [info] > git status -z -uall [7ms]
2024-11-04 06:57:27.181 [info] > git reflog main --grep-reflog=branch: Created from *. [14ms]
2024-11-04 06:57:27.186 [info] > git for-each-ref --sort -committerdate --format %(refname) %(objectname) %(*objectname) [10ms]
2024-11-04 06:57:27.221 [info] > git symbolic-ref --short refs/remotes/origin/HEAD [36ms]
2024-11-04 06:57:27.222 [info] fatal: ref refs/remotes/origin/HEAD is not a symbolic ref
2024-11-04 06:57:27.222 [warning] [Repository][getDefaultBranch] Failed to get default branch details: Failed to execute git.
2024-11-04 06:57:27.236 [info] > git merge-base refs/heads/main refs/remotes/origin/main [9ms]
2024-11-04 06:57:27.241 [info] > git for-each-ref --format=%(refname)%00%(upstream:short)%00%(objectname)%00%(upstream:track)%00%(upstream:remotename)%00%(upstream:remoteref) refs/heads/main refs/remotes/main [50ms]
2024-11-04 06:57:27.391 [info] > git diff --name-status -z --diff-filter=ADMR 2bbc66866a4f81b11a9410f2c3366b082eae37b3...refs/remotes/origin/main [151ms]
2024-11-04 06:57:27.392 [info] > git rev-parse --show-toplevel [157ms]
2024-11-04 06:57:27.392 [info] fatal: not a git repository (or any of the parent directories): .git
2024-11-04 06:57:27.399 [info] > git config --local branch.main.vscode-merge-base [155ms]
2024-11-04 06:57:27.399 [warning] [Git][config] git config failed: Failed to execute git
2024-11-04 06:57:27.425 [info] > git reflog main --grep-reflog=branch: Created from *. [19ms]
2024-11-04 06:57:27.430 [info] > git symbolic-ref --short refs/remotes/origin/HEAD [2ms]
2024-11-04 06:57:27.430 [info] fatal: ref refs/remotes/origin/HEAD is not a symbolic ref
2024-11-04 06:57:27.431 [warning] [Repository][getDefaultBranch] Failed to get default branch details: Failed to execute git.
2024-11-04 06:57:27.706 [info] > git check-ignore -v -z --stdin [5ms]
2024-11-04 06:57:27.707 [info] > git check-ignore -v -z --stdin [3ms]
2024-11-04 06:57:48.693 [info] > git show --textconv :.git/COMMIT_EDITMSG [8ms]
2024-11-04 06:57:48.698 [info] > git ls-files --stage -- /home/tommyoguro/ruby_oop_task/.git/COMMIT_EDITMSG [8ms]
2024-11-04 06:57:49.063 [info] > git check-ignore -v -z --stdin [6ms]
2024-11-04 06:57:49.444 [info] > git ls-files --stage -- /home/tommyoguro/ruby_oop_task/lib/shopping_app.rb [3ms]
2024-11-04 06:57:49.447 [info] > git ls-files --stage -- /home/tommyoguro/ruby_oop_task/.git/COMMIT_EDITMSG [4ms]
2024-11-04 06:57:49.448 [info] > git cat-file -s 0e17de0f3ea5ec9a244bb199a17a5c67c8da0176 [2ms]
2024-11-04 06:57:49.465 [info] > git show --textconv :.git/COMMIT_EDITMSG [5ms]
2024-11-04 06:57:49.467 [info] > git show --textconv :lib/shopping_app.rb [4ms]
