2024-11-04 10:54:50.693 [info] [main] ログ レベル: Info
2024-11-04 10:54:50.693 [info] [main] Git の検証が検出されました: "git"
2024-11-04 10:54:50.693 [info] [main] "git" から Git "2.34.1" を使用しています
2024-11-04 10:54:50.693 [info] [Model][doInitialScan] Initial repository scan started
2024-11-04 10:54:50.693 [info] > git rev-parse --show-toplevel [6ms]
2024-11-04 10:54:50.693 [info] fatal: not a git repository (or any of the parent directories): .git
2024-11-04 10:54:50.693 [info] > git rev-parse --show-toplevel [10ms]
2024-11-04 10:54:50.693 [info] fatal: not a git repository (or any of the parent directories): .git
2024-11-04 10:54:50.695 [info] > git rev-parse --show-toplevel [4ms]
2024-11-04 10:54:50.695 [info] fatal: not a git repository (or any of the parent directories): .git
2024-11-04 10:54:50.716 [info] > git rev-parse --show-toplevel [6ms]
2024-11-04 10:54:50.716 [info] fatal: not a git repository (or any of the parent directories): .git
2024-11-04 10:54:50.721 [info] > git rev-parse --show-toplevel [2ms]
2024-11-04 10:54:50.721 [info] fatal: not a git repository (or any of the parent directories): .git
2024-11-04 10:54:50.727 [info] > git rev-parse --show-toplevel [2ms]
2024-11-04 10:54:50.727 [info] fatal: not a git repository (or any of the parent directories): .git
2024-11-04 10:54:50.887 [info] > git rev-parse --show-toplevel [155ms]
2024-11-04 10:54:50.887 [info] fatal: not a git repository (or any of the parent directories): .git
2024-11-04 10:54:50.897 [info] > git rev-parse --show-toplevel [5ms]
2024-11-04 10:54:50.904 [info] > git rev-parse --git-dir --git-common-dir [2ms]
2024-11-04 10:54:50.925 [info] [Model][openRepository] Opened repository: /home/tommyoguro/.rbenv
2024-11-04 10:54:50.937 [info] > git rev-parse --show-toplevel [2ms]
2024-11-04 10:54:50.937 [info] fatal: not a git repository (or any of the parent directories): .git
2024-11-04 10:54:50.939 [info] > git config --get commit.template [7ms]
2024-11-04 10:54:50.948 [info] > git rev-parse --show-toplevel [5ms]
2024-11-04 10:54:50.948 [info] fatal: not a git repository (or any of the parent directories): .git
2024-11-04 10:54:50.956 [info] > git rev-parse --show-toplevel [4ms]
2024-11-04 10:54:50.957 [info] fatal: not a git repository (or any of the parent directories): .git
2024-11-04 10:54:50.964 [info] > git rev-parse --show-toplevel [2ms]
2024-11-04 10:54:50.964 [info] fatal: not a git repository (or any of the parent directories): .git
2024-11-04 10:54:50.967 [info] > git for-each-ref --format=%(refname)%00%(upstream:short)%00%(objectname)%00%(upstream:track)%00%(upstream:remotename)%00%(upstream:remoteref) refs/heads/master refs/remotes/master [20ms]
2024-11-04 10:54:50.978 [warning] [Git][revParse] Unable to read file: ENOENT: no such file or directory, open '/home/tommyoguro/.rbenv/.git/refs/remotes/origin/master'
2024-11-04 10:54:50.979 [info] > git rev-parse refs/remotes/origin/master [2ms]
2024-11-04 10:54:50.991 [info] > git rev-parse --show-toplevel [20ms]
2024-11-04 10:54:50.991 [info] fatal: not a git repository (or any of the parent directories): .git
2024-11-04 10:54:51.006 [info] > git rev-parse --show-toplevel [4ms]
2024-11-04 10:54:51.006 [info] fatal: not a git repository (or any of the parent directories): .git
2024-11-04 10:54:51.007 [info] > git for-each-ref --sort -committerdate --format %(refname) %(objectname) %(*objectname) [16ms]
2024-11-04 10:54:51.014 [info] > git rev-parse --show-toplevel [2ms]
2024-11-04 10:54:51.014 [info] fatal: not a git repository (or any of the parent directories): .git
2024-11-04 10:54:51.076 [info] > git status -z -uall [91ms]
2024-11-04 10:54:51.077 [info] > git rev-parse --show-toplevel [58ms]
2024-11-04 10:54:51.077 [info] fatal: not a git repository (or any of the parent directories): .git
2024-11-04 10:54:51.116 [info] > git for-each-ref --format=%(refname)%00%(upstream:short)%00%(objectname)%00%(upstream:track)%00%(upstream:remotename)%00%(upstream:remoteref) refs/heads/master refs/remotes/master [18ms]
2024-11-04 10:54:51.126 [info] > git config --get commit.template [17ms]
2024-11-04 10:54:51.126 [info] > git rev-parse --show-toplevel [22ms]
2024-11-04 10:54:51.128 [info] > git config --local branch.master.vscode-merge-base [5ms]
2024-11-04 10:54:51.140 [info] > git rev-parse --git-dir --git-common-dir [5ms]
2024-11-04 10:54:51.149 [info] [Model][openRepository] Opened repository: /home/tommyoguro/ruby_oop_task
2024-11-04 10:54:51.151 [info] > git for-each-ref --format=%(refname)%00%(upstream:short)%00%(objectname)%00%(upstream:track)%00%(upstream:remotename)%00%(upstream:remoteref) refs/heads/origin/master refs/remotes/origin/master [20ms]
2024-11-04 10:54:51.198 [info] > git merge-base refs/heads/master refs/remotes/origin/master [42ms]
2024-11-04 10:54:51.204 [info] > git for-each-ref --format=%(refname)%00%(upstream:short)%00%(objectname)%00%(upstream:track)%00%(upstream:remotename)%00%(upstream:remoteref) refs/heads/master refs/remotes/master [65ms]
2024-11-04 10:54:51.208 [warning] [Git][revParse] Unable to read file: ENOENT: no such file or directory, open '/home/tommyoguro/.rbenv/.git/refs/remotes/origin/master'
2024-11-04 10:54:51.212 [info] > git rev-parse --show-toplevel [15ms]
2024-11-04 10:54:51.213 [info] > git config --get commit.template [20ms]
2024-11-04 10:54:51.224 [info] > git rev-parse refs/remotes/origin/master [16ms]
2024-11-04 10:54:51.233 [info] > git diff --name-status -z --diff-filter=ADMR c335ab83de40d48093870d300de52c61bbd68359...refs/remotes/origin/master [30ms]
2024-11-04 10:54:51.245 [info] > git status -z -uall [16ms]
2024-11-04 10:54:51.246 [info] > git for-each-ref --sort -committerdate --format %(refname) %(objectname) %(*objectname) [12ms]
2024-11-04 10:54:51.250 [info] > git rev-parse --git-dir --git-common-dir [27ms]
2024-11-04 10:54:51.255 [info] [Model][openRepository] Opened repository: /home/tommyoguro/ruby_sample
2024-11-04 10:54:51.264 [info] > git for-each-ref --format=%(refname)%00%(upstream:short)%00%(objectname)%00%(upstream:track)%00%(upstream:remotename)%00%(upstream:remoteref) refs/heads/master refs/remotes/master [21ms]
2024-11-04 10:54:51.268 [warning] [Git][revParse] Unable to read file: ENOENT: no such file or directory, open '/home/tommyoguro/ruby_oop_task/.git/refs/remotes/origin/master'
2024-11-04 10:54:51.269 [info] > git rev-parse --show-toplevel [6ms]
2024-11-04 10:54:51.269 [info] fatal: not a git repository (or any of the parent directories): .git
2024-11-04 10:54:51.270 [info] > git config --get commit.template [10ms]
2024-11-04 10:54:51.274 [info] > git rev-parse refs/remotes/origin/master [6ms]
2024-11-04 10:54:51.509 [info] > git status -z -uall [230ms]
2024-11-04 10:54:51.511 [info] > git rev-parse --show-toplevel [238ms]
2024-11-04 10:54:51.511 [info] fatal: not a git repository (or any of the parent directories): .git
2024-11-04 10:54:51.528 [info] [Model][doInitialScan] Initial repository scan completed - repositories (3), closed repositories (0), parent repositories (0), unsafe repositories (0)
2024-11-04 10:54:51.533 [info] > git for-each-ref --format=%(refname)%00%(upstream:short)%00%(objectname)%00%(upstream:track)%00%(upstream:remotename)%00%(upstream:remoteref) refs/heads/main refs/remotes/main [243ms]
2024-11-04 10:54:51.534 [info] > git for-each-ref --sort -committerdate --format %(refname) %(objectname) %(*objectname) [248ms]
2024-11-04 10:54:51.561 [info] > git for-each-ref --format=%(refname)%00%(upstream:short)%00%(objectname)%00%(upstream:track)%00%(upstream:remotename)%00%(upstream:remoteref) refs/heads/master refs/remotes/master [14ms]
2024-11-04 10:54:51.570 [info] > git config --local branch.master.vscode-merge-base [4ms]
2024-11-04 10:54:51.576 [info] > git config --get commit.template [17ms]
2024-11-04 10:54:51.602 [info] > git for-each-ref --format=%(refname)%00%(upstream:short)%00%(objectname)%00%(upstream:track)%00%(upstream:remotename)%00%(upstream:remoteref) refs/heads/origin/master refs/remotes/origin/master [26ms]
2024-11-04 10:54:51.629 [info] > git status -z -uall [13ms]
2024-11-04 10:54:51.629 [info] > git merge-base refs/heads/master refs/remotes/origin/master [19ms]
2024-11-04 10:54:51.675 [info] > git diff --name-status -z --diff-filter=ADMR aa627a4809fa73e1973e37e0995dd04f5331c7f1...refs/remotes/origin/master [40ms]
2024-11-04 10:54:51.677 [info] > git for-each-ref --format=%(refname)%00%(upstream:short)%00%(objectname)%00%(upstream:track)%00%(upstream:remotename)%00%(upstream:remoteref) refs/heads/master refs/remotes/master [53ms]
2024-11-04 10:54:51.678 [info] > git for-each-ref --sort -committerdate --format %(refname) %(objectname) %(*objectname) [56ms]
2024-11-04 10:54:51.698 [warning] [Git][revParse] Unable to read file: ENOENT: no such file or directory, open '/home/tommyoguro/ruby_oop_task/.git/refs/remotes/origin/master'
2024-11-04 10:54:51.706 [info] > git for-each-ref --format=%(refname)%00%(upstream:short)%00%(objectname)%00%(upstream:track)%00%(upstream:remotename)%00%(upstream:remoteref) refs/heads/main refs/remotes/main [15ms]
2024-11-04 10:54:51.713 [info] > git config --get commit.template [10ms]
2024-11-04 10:54:51.714 [info] > git rev-parse refs/remotes/origin/master [15ms]
2024-11-04 10:54:51.727 [info] > git status -z -uall [7ms]
2024-11-04 10:54:51.728 [info] > git config --local branch.main.vscode-merge-base [18ms]
2024-11-04 10:54:51.728 [warning] [Git][config] git config failed: Failed to execute git
2024-11-04 10:54:51.747 [info] > git for-each-ref --sort -committerdate --format %(refname) %(objectname) %(*objectname) [22ms]
2024-11-04 10:54:51.752 [info] > git for-each-ref --format=%(refname)%00%(upstream:short)%00%(objectname)%00%(upstream:track)%00%(upstream:remotename)%00%(upstream:remoteref) refs/heads/main refs/remotes/main [15ms]
2024-11-04 10:54:51.752 [info] > git reflog main --grep-reflog=branch: Created from *. [20ms]
2024-11-04 10:54:51.761 [info] > git symbolic-ref --short refs/remotes/origin/HEAD [5ms]
2024-11-04 10:54:51.761 [info] fatal: ref refs/remotes/origin/HEAD is not a symbolic ref
2024-11-04 10:54:51.761 [warning] [Repository][getDefaultBranch] Failed to get default branch details: Failed to execute git.
2024-11-04 10:54:51.766 [info] > git merge-base refs/heads/main refs/remotes/origin/main [2ms]
2024-11-04 10:54:51.781 [info] > git status -z -uall [8ms]
2024-11-04 10:54:51.782 [info] > git for-each-ref --sort -committerdate --format %(refname) %(objectname) %(*objectname) [6ms]
2024-11-04 10:54:51.791 [info] > git diff --name-status -z --diff-filter=ADMR 2bbc66866a4f81b11a9410f2c3366b082eae37b3...refs/remotes/origin/main [22ms]
2024-11-04 10:54:51.800 [info] > git merge-base refs/heads/main refs/remotes/origin/main [11ms]
2024-11-04 10:54:51.806 [info] > git diff --name-status -z --diff-filter=ADMR 2bbc66866a4f81b11a9410f2c3366b082eae37b3...refs/remotes/origin/main [2ms]
2024-11-04 10:54:56.822 [info] > git rev-parse --show-toplevel [2ms]
2024-11-04 10:54:56.822 [info] fatal: not a git repository (or any of the parent directories): .git
2024-11-04 10:54:56.826 [info] > git rev-parse --show-toplevel [1ms]
2024-11-04 10:54:56.826 [info] fatal: not a git repository (or any of the parent directories): .git
2024-11-04 10:54:56.830 [info] > git rev-parse --show-toplevel [1ms]
2024-11-04 10:54:56.830 [info] fatal: not a git repository (or any of the parent directories): .git
2024-11-04 10:54:56.837 [info] > git log --format=%H%n%aN%n%aE%n%at%n%ct%n%P%n%D%n%B -z --shortstat --diff-merges=first-parent -n50 --skip=0 --topo-order --decorate=full --stdin [77ms]
2024-11-04 10:54:56.866 [info] > git rev-parse --show-toplevel [33ms]
2024-11-04 10:54:56.866 [info] fatal: not a git repository (or any of the parent directories): .git
2024-11-04 10:54:56.892 [info] > git rev-parse --show-toplevel [3ms]
2024-11-04 10:54:56.892 [info] fatal: not a git repository (or any of the parent directories): .git
2024-11-04 10:54:56.901 [info] > git rev-parse --show-toplevel [2ms]
2024-11-04 10:54:56.902 [info] fatal: not a git repository (or any of the parent directories): .git
2024-11-04 10:54:57.389 [info] > git check-ignore -v -z --stdin [7ms]
2024-11-04 10:55:07.860 [info] > git log --format=%H%n%aN%n%aE%n%at%n%ct%n%P%n%D%n%B -z --shortstat --diff-merges=first-parent -n50 --skip=0 --topo-order --decorate=full --stdin [11ms]
2024-11-04 10:55:08.177 [info] > git show --textconv :.git/COMMIT_EDITMSG [7ms]
2024-11-04 10:55:08.180 [info] > git ls-files --stage -- /home/tommyoguro/ruby_oop_task/.git/COMMIT_EDITMSG [5ms]
2024-11-04 10:55:08.312 [info] > git check-ignore -v -z --stdin [3ms]
2024-11-04 10:55:08.862 [info] > git ls-files --stage -- /home/tommyoguro/ruby_oop_task/.git/COMMIT_EDITMSG [2ms]
2024-11-04 10:55:08.873 [info] > git show --textconv :.git/COMMIT_EDITMSG [1ms]
2024-11-04 13:24:13.580 [info] > git log --format=%H%n%aN%n%aE%n%at%n%ct%n%P%n%D%n%B -z --shortstat --diff-merges=first-parent -n50 --skip=0 --topo-order --decorate=full --stdin [28ms]
2024-11-04 13:24:13.688 [info] > git show --textconv :.git/COMMIT_EDITMSG [5ms]
2024-11-04 13:24:13.692 [info] > git ls-files --stage -- /home/tommyoguro/ruby_sample/.git/COMMIT_EDITMSG [3ms]
2024-11-04 13:24:14.124 [info] > git check-ignore -v -z --stdin [7ms]
2024-11-04 13:24:14.222 [info] > git ls-files --stage -- /home/tommyoguro/ruby_sample/.git/COMMIT_EDITMSG [3ms]
2024-11-04 13:24:14.285 [info] > git show --textconv :.git/COMMIT_EDITMSG [4ms]
2024-11-04 13:32:46.558 [info] > git log --format=%H%n%aN%n%aE%n%at%n%ct%n%P%n%D%n%B -z --shortstat --diff-merges=first-parent -n50 --skip=0 --topo-order --decorate=full --stdin [4ms]
2024-11-04 13:32:57.268 [info] > git log --format=%H%n%aN%n%aE%n%at%n%ct%n%P%n%D%n%B -z -n536 --follow -- /home/tommyoguro/ruby_sample/.git/COMMIT_EDITMSG [2ms]
2024-11-04 13:32:57.975 [info] > git check-ignore -v -z --stdin [1ms]
2024-11-04 13:32:57.976 [info] > git check-ignore -v -z --stdin [5ms]
2024-11-04 13:32:59.046 [info] > git check-ignore -v -z --stdin [3ms]
2024-11-04 13:33:09.035 [info] > git log --format=%H%n%aN%n%aE%n%at%n%ct%n%P%n%D%n%B -z -n227 --follow -- /home/tommyoguro/ruby_oop_task/lib/shopping_app.rb [12ms]
2024-11-04 13:33:09.243 [info] > git show --textconv :lib/shopping_app.rb [11ms]
2024-11-04 13:33:09.244 [info] > git ls-files --stage -- /home/tommyoguro/ruby_oop_task/lib/shopping_app.rb [2ms]
2024-11-04 13:33:09.250 [info] > git cat-file -s 0e17de0f3ea5ec9a244bb199a17a5c67c8da0176 [3ms]
2024-11-04 13:33:09.600 [info] > git check-ignore -v -z --stdin [2ms]
2024-11-04 13:33:12.070 [info] > git log --format=%H%n%aN%n%aE%n%at%n%ct%n%P%n%D%n%B -z -n227 --follow -- /home/tommyoguro/ruby_sample/.git/COMMIT_EDITMSG [2ms]
2024-11-04 13:33:12.265 [info] > git show --textconv :.git/COMMIT_EDITMSG [11ms]
2024-11-04 13:33:12.269 [info] > git ls-files --stage -- /home/tommyoguro/ruby_sample/.git/COMMIT_EDITMSG [6ms]
2024-11-04 13:33:18.077 [info] > git log --format=%H%n%aN%n%aE%n%at%n%ct%n%P%n%D%n%B -z -n227 --follow -- /home/tommyoguro/ruby_oop_task/lib/shopping_app.rb [5ms]
2024-11-04 13:33:18.155 [info] > git -c user.useConfigOnly=true commit --quiet [545277ms]
2024-11-04 13:33:18.155 [info] Aborting commit due to empty commit message.
2024-11-04 13:33:18.170 [info] > git config --get commit.template [5ms]
2024-11-04 13:33:18.173 [info] > git for-each-ref --format=%(refname)%00%(upstream:short)%00%(objectname)%00%(upstream:track)%00%(upstream:remotename)%00%(upstream:remoteref) refs/heads/main refs/remotes/main [4ms]
2024-11-04 13:33:18.187 [info] > git status -z -uall [6ms]
2024-11-04 13:33:18.189 [info] > git for-each-ref --sort -committerdate --format %(refname) %(objectname) %(*objectname) [3ms]
2024-11-04 13:33:18.278 [info] > git show --textconv :lib/shopping_app.rb [3ms]
2024-11-04 13:33:18.280 [info] > git ls-files --stage -- /home/tommyoguro/ruby_oop_task/lib/shopping_app.rb [1ms]
2024-11-04 13:33:18.284 [info] > git cat-file -s 0e17de0f3ea5ec9a244bb199a17a5c67c8da0176 [2ms]
2024-11-04 13:33:25.600 [info] > git log --format=%H%n%aN%n%aE%n%at%n%ct%n%P%n%D%n%B -z -n227 --follow -- /home/tommyoguro/ruby_oop_task/.git/COMMIT_EDITMSG [15ms]
2024-11-04 13:33:25.752 [info] > git show --textconv :.git/COMMIT_EDITMSG [3ms]
2024-11-04 13:33:25.754 [info] > git ls-files --stage -- /home/tommyoguro/ruby_oop_task/.git/COMMIT_EDITMSG [3ms]
2024-11-04 13:33:31.182 [info] > git log --format=%H%n%aN%n%aE%n%at%n%ct%n%P%n%D%n%B -z -n227 --follow -- /home/tommyoguro/ruby_oop_task/lib/shopping_app.rb [3ms]
2024-11-04 13:33:31.369 [info] > git show --textconv :lib/shopping_app.rb [15ms]
2024-11-04 13:33:31.372 [info] > git ls-files --stage -- /home/tommyoguro/ruby_oop_task/lib/shopping_app.rb [10ms]
2024-11-04 13:33:31.384 [info] > git cat-file -s 0e17de0f3ea5ec9a244bb199a17a5c67c8da0176 [4ms]
2024-11-04 13:36:12.186 [info] > git log --format=%H%n%aN%n%aE%n%at%n%ct%n%P%n%D%n%B -z -n227 --follow -- /home/tommyoguro/ruby_oop_task/.git/COMMIT_EDITMSG [7ms]
2024-11-04 13:36:12.409 [info] > git show --textconv :.git/COMMIT_EDITMSG [3ms]
2024-11-04 13:36:12.410 [info] > git ls-files --stage -- /home/tommyoguro/ruby_oop_task/.git/COMMIT_EDITMSG [2ms]
2024-11-04 13:36:20.610 [info] > git log --format=%H%n%aN%n%aE%n%at%n%ct%n%P%n%D%n%B -z -n227 --follow -- /home/tommyoguro/ruby_oop_task/lib/shopping_app.rb [7ms]
2024-11-04 13:36:20.757 [info] > git show --textconv :lib/shopping_app.rb [6ms]
2024-11-04 13:36:20.761 [info] > git ls-files --stage -- /home/tommyoguro/ruby_oop_task/lib/shopping_app.rb [5ms]
2024-11-04 13:36:20.766 [info] > git cat-file -s 0e17de0f3ea5ec9a244bb199a17a5c67c8da0176 [1ms]
2024-11-04 13:36:20.833 [info] > git -c user.useConfigOnly=true commit --quiet [9673372ms]
2024-11-04 13:36:20.833 [info] Aborting commit due to empty commit message.
2024-11-04 13:36:20.854 [info] > git config --get commit.template [9ms]
2024-11-04 13:36:20.855 [info] > git for-each-ref --format=%(refname)%00%(upstream:short)%00%(objectname)%00%(upstream:track)%00%(upstream:remotename)%00%(upstream:remoteref) refs/heads/master refs/remotes/master [3ms]
2024-11-04 13:36:20.859 [warning] [Git][revParse] Unable to read file: ENOENT: no such file or directory, open '/home/tommyoguro/ruby_oop_task/.git/refs/remotes/origin/master'
2024-11-04 13:36:20.862 [info] > git rev-parse refs/remotes/origin/master [3ms]
2024-11-04 13:36:20.873 [info] > git status -z -uall [6ms]
2024-11-04 13:36:20.874 [info] > git for-each-ref --sort -committerdate --format %(refname) %(objectname) %(*objectname) [3ms]
2024-11-04 13:36:30.437 [info] > git log --format=%H%n%aN%n%aE%n%at%n%ct%n%P%n%D%n%B -z -n227 --follow -- /home/tommyoguro/ruby_oop_task/lib/shopping_app/cart.rb [6ms]
2024-11-04 13:36:30.652 [info] > git ls-files --stage -- /home/tommyoguro/ruby_oop_task/lib/shopping_app/cart.rb [1ms]
2024-11-04 13:36:30.656 [info] > git show --textconv :lib/shopping_app/cart.rb [9ms]
2024-11-04 13:36:30.658 [info] > git cat-file -s 424a56ddb89b4870170e533f827c4fc6c38c9ff8 [3ms]
2024-11-04 13:36:55.568 [info] > git config --get commit.template [10ms]
2024-11-04 13:36:55.581 [info] > git for-each-ref --format=%(refname)%00%(upstream:short)%00%(objectname)%00%(upstream:track)%00%(upstream:remotename)%00%(upstream:remoteref) refs/heads/master refs/remotes/master [14ms]
2024-11-04 13:36:55.585 [warning] [Git][revParse] Unable to read file: ENOENT: no such file or directory, open '/home/tommyoguro/.rbenv/.git/refs/remotes/origin/master'
2024-11-04 13:36:55.586 [info] > git rev-parse refs/remotes/origin/master [1ms]
2024-11-04 13:36:55.601 [info] > git for-each-ref --sort -committerdate --format %(refname) %(objectname) %(*objectname) [9ms]
2024-11-04 13:36:55.636 [info] > git status -z -uall [48ms]
2024-11-04 13:37:02.660 [info] > git log --format=%H%n%aN%n%aE%n%at%n%ct%n%P%n%D%n%B -z -n227 --follow -- /home/tommyoguro/ruby_oop_task/lib/shopping_app.rb [2ms]
2024-11-04 13:37:02.880 [info] > git show --textconv :lib/shopping_app.rb [6ms]
2024-11-04 13:37:02.882 [info] > git ls-files --stage -- /home/tommyoguro/ruby_oop_task/lib/shopping_app.rb [3ms]
2024-11-04 13:37:02.888 [info] > git cat-file -s 0e17de0f3ea5ec9a244bb199a17a5c67c8da0176 [2ms]
2024-11-04 13:37:09.026 [info] > git show --textconv :lib/shopping_app.rb [22ms]
2024-11-04 13:37:09.027 [info] > git show --textconv :lib/shopping_app/cart.rb [15ms]
2024-11-04 13:37:09.027 [info] > git ls-files --stage -- /home/tommyoguro/ruby_oop_task/lib/shopping_app.rb [9ms]
2024-11-04 13:37:09.037 [info] > git ls-files --stage -- /home/tommyoguro/ruby_oop_task/lib/shopping_app/cart.rb [12ms]
2024-11-04 13:37:09.044 [info] > git cat-file -s 0e17de0f3ea5ec9a244bb199a17a5c67c8da0176 [11ms]
2024-11-04 13:37:09.047 [info] > git cat-file -s 424a56ddb89b4870170e533f827c4fc6c38c9ff8 [4ms]
2024-11-04 13:37:16.792 [info] > git log --format=%H%n%aN%n%aE%n%at%n%ct%n%P%n%D%n%B -z -n227 --follow -- /home/tommyoguro/ruby_oop_task/lib/shopping_app/customer.rb [3ms]
2024-11-04 13:37:17.080 [info] > git show --textconv :lib/shopping_app/customer.rb [8ms]
2024-11-04 13:37:17.083 [info] > git ls-files --stage -- /home/tommyoguro/ruby_oop_task/lib/shopping_app/customer.rb [4ms]
2024-11-04 13:37:17.095 [info] > git cat-file -s f71237292b460a1fac69a6b7745420e579debeb5 [4ms]
2024-11-04 13:37:20.693 [info] > git log --format=%H%n%aN%n%aE%n%at%n%ct%n%P%n%D%n%B -z -n227 --follow -- /home/tommyoguro/ruby_oop_task/lib/shopping_app/item_manager.rb [3ms]
2024-11-04 13:37:20.925 [info] > git ls-files --stage -- /home/tommyoguro/ruby_oop_task/lib/shopping_app/item_manager.rb [3ms]
2024-11-04 13:37:20.938 [info] > git show --textconv :lib/shopping_app/item_manager.rb [26ms]
2024-11-04 13:37:20.941 [info] > git cat-file -s 75186962dcdc6bf9357a11f34508d3ff75cfaf93 [9ms]
2024-11-04 13:37:26.908 [info] > git log --format=%H%n%aN%n%aE%n%at%n%ct%n%P%n%D%n%B -z -n227 --follow -- /home/tommyoguro/ruby_oop_task/lib/shopping_app/item.rb [2ms]
2024-11-04 13:37:27.125 [info] > git show --textconv :lib/shopping_app/item.rb [7ms]
2024-11-04 13:37:27.125 [info] > git ls-files --stage -- /home/tommyoguro/ruby_oop_task/lib/shopping_app/item.rb [2ms]
2024-11-04 13:37:27.132 [info] > git cat-file -s 5a3218c74501f9beb2b3e798e4038e66cfc17503 [3ms]
2024-11-04 13:37:30.768 [info] > git log --format=%H%n%aN%n%aE%n%at%n%ct%n%P%n%D%n%B -z -n227 --follow -- /home/tommyoguro/ruby_oop_task/lib/shopping_app.rb [3ms]
2024-11-04 13:43:37.206 [info] > git check-ignore -v -z --stdin [11ms]
2024-11-04 13:43:38.692 [info] > git log --format=%H%n%aN%n%aE%n%at%n%ct%n%P%n%D%n%B -z --shortstat --diff-merges=first-parent -n50 --skip=0 --topo-order --decorate=full --stdin [15ms]
2024-11-04 13:43:51.537 [info] > git log --format=%H%n%aN%n%aE%n%at%n%ct%n%P%n%D%n%B -z --shortstat --diff-merges=first-parent -n50 --skip=0 --topo-order --decorate=full --stdin [6ms]
2024-11-04 13:48:13.290 [info] > git log --format=%H%n%aN%n%aE%n%at%n%ct%n%P%n%D%n%B -z -n227 --follow -- /home/tommyoguro/ruby_oop_task/lib/shopping_app/item_manager.rb [6ms]
2024-11-04 13:48:13.303 [info] > git log --format=%H%n%aN%n%aE%n%at%n%ct%n%P%n%D%n%B -z -n453 --follow -- /home/tommyoguro/ruby_oop_task/lib/shopping_app/item_manager.rb [16ms]
2024-11-04 13:48:13.467 [info] > git show --textconv :lib/shopping_app/item_manager.rb [4ms]
2024-11-04 13:48:13.468 [info] > git ls-files --stage -- /home/tommyoguro/ruby_oop_task/lib/shopping_app/item_manager.rb [2ms]
2024-11-04 13:48:13.473 [info] > git cat-file -s 75186962dcdc6bf9357a11f34508d3ff75cfaf93 [2ms]
2024-11-04 13:48:47.525 [info] > git ls-files --stage -- /home/tommyoguro/ruby_oop_task/lib/shopping_app/seller.rb [5ms]
2024-11-04 13:48:47.534 [info] > git show --textconv :lib/shopping_app/seller.rb [21ms]
2024-11-04 13:48:47.538 [info] > git cat-file -s afd1af4aacd06f08d36b4dc69422be5518bde4ea [5ms]
2024-11-04 13:48:56.817 [info] > git show --textconv :lib/shopping_app/ownable.rb [3ms]
2024-11-04 13:48:56.818 [info] > git ls-files --stage -- /home/tommyoguro/ruby_oop_task/lib/shopping_app/ownable.rb [2ms]
2024-11-04 13:48:56.823 [info] > git cat-file -s 8c74d44e74d938309c1c9a51ea0dbcb3a888786d [2ms]
2024-11-04 13:49:01.928 [info] > git show --textconv :lib/shopping_app/item.rb [10ms]
2024-11-04 13:49:01.931 [info] > git ls-files --stage -- /home/tommyoguro/ruby_oop_task/lib/shopping_app/item.rb [4ms]
2024-11-04 13:49:01.942 [info] > git cat-file -s 5a3218c74501f9beb2b3e798e4038e66cfc17503 [4ms]
2024-11-04 13:49:06.267 [info] > git show --textconv :lib/shopping_app/item_manager.rb [14ms]
2024-11-04 13:49:06.271 [info] > git ls-files --stage -- /home/tommyoguro/ruby_oop_task/lib/shopping_app/item_manager.rb [9ms]
2024-11-04 13:49:06.284 [info] > git cat-file -s 75186962dcdc6bf9357a11f34508d3ff75cfaf93 [5ms]
2024-11-04 13:49:08.016 [info] > git show --textconv :lib/shopping_app/customer.rb [10ms]
2024-11-04 13:49:08.022 [info] > git ls-files --stage -- /home/tommyoguro/ruby_oop_task/lib/shopping_app/customer.rb [8ms]
2024-11-04 13:49:08.038 [info] > git cat-file -s f71237292b460a1fac69a6b7745420e579debeb5 [5ms]
2024-11-04 13:49:22.053 [info] > git show --textconv :lib/shopping_app/wallet.rb [14ms]
2024-11-04 13:49:22.055 [info] > git ls-files --stage -- /home/tommyoguro/ruby_oop_task/lib/shopping_app/wallet.rb [9ms]
2024-11-04 13:49:22.066 [info] > git cat-file -s 39c5796bbda84fb0d066f6260505eb88a903d5f7 [4ms]
2024-11-04 13:49:36.488 [info] > git log --format=%H%n%aN%n%aE%n%at%n%ct%n%P%n%D%n%B -z -n227 --follow -- /home/tommyoguro/ruby_oop_task/lib/shopping_app/wallet.rb [2ms]
2024-11-04 13:50:03.010 [info] > git log --format=%H%n%aN%n%aE%n%at%n%ct%n%P%n%D%n%B -z -n227 --follow -- /home/tommyoguro/ruby_oop_task/lib/shopping_app.rb [2ms]
2024-11-04 13:50:07.294 [info] > git config --get commit.template [11ms]
2024-11-04 13:50:07.297 [info] > git for-each-ref --format=%(refname)%00%(upstream:short)%00%(objectname)%00%(upstream:track)%00%(upstream:remotename)%00%(upstream:remoteref) refs/heads/master refs/remotes/master [5ms]
2024-11-04 13:50:07.303 [warning] [Git][revParse] Unable to read file: ENOENT: no such file or directory, open '/home/tommyoguro/ruby_oop_task/.git/refs/remotes/origin/master'
2024-11-04 13:50:07.305 [info] > git rev-parse refs/remotes/origin/master [2ms]
2024-11-04 13:50:07.315 [info] > git status -z -uall [6ms]
2024-11-04 13:50:07.317 [info] > git for-each-ref --sort -committerdate --format %(refname) %(objectname) %(*objectname) [3ms]
2024-11-04 13:50:12.360 [info] > git config --get commit.template [9ms]
2024-11-04 13:50:12.364 [info] > git for-each-ref --format=%(refname)%00%(upstream:short)%00%(objectname)%00%(upstream:track)%00%(upstream:remotename)%00%(upstream:remoteref) refs/heads/master refs/remotes/master [5ms]
2024-11-04 13:50:12.373 [warning] [Git][revParse] Unable to read file: ENOENT: no such file or directory, open '/home/tommyoguro/ruby_oop_task/.git/refs/remotes/origin/master'
2024-11-04 13:50:12.376 [info] > git rev-parse refs/remotes/origin/master [4ms]
2024-11-04 13:50:12.402 [info] > git status -z -uall [17ms]
2024-11-04 13:50:12.412 [info] > git for-each-ref --sort -committerdate --format %(refname) %(objectname) %(*objectname) [18ms]
2024-11-04 13:50:17.434 [info] > git config --get commit.template [4ms]
2024-11-04 13:50:17.434 [info] > git for-each-ref --format=%(refname)%00%(upstream:short)%00%(objectname)%00%(upstream:track)%00%(upstream:remotename)%00%(upstream:remoteref) refs/heads/master refs/remotes/master [1ms]
2024-11-04 13:50:17.437 [warning] [Git][revParse] Unable to read file: ENOENT: no such file or directory, open '/home/tommyoguro/ruby_oop_task/.git/refs/remotes/origin/master'
2024-11-04 13:50:17.438 [info] > git rev-parse refs/remotes/origin/master [1ms]
2024-11-04 13:50:17.445 [info] > git status -z -uall [4ms]
2024-11-04 13:50:17.447 [info] > git for-each-ref --sort -committerdate --format %(refname) %(objectname) %(*objectname) [2ms]
2024-11-04 13:50:20.819 [info] > git config --get commit.template [9ms]
2024-11-04 13:50:20.822 [info] > git for-each-ref --format=%(refname)%00%(upstream:short)%00%(objectname)%00%(upstream:track)%00%(upstream:remotename)%00%(upstream:remoteref) refs/heads/master refs/remotes/master [5ms]
2024-11-04 13:50:20.830 [warning] [Git][revParse] Unable to read file: ENOENT: no such file or directory, open '/home/tommyoguro/ruby_oop_task/.git/refs/remotes/origin/master'
2024-11-04 13:50:20.833 [info] > git rev-parse refs/remotes/origin/master [3ms]
2024-11-04 13:50:20.849 [info] > git status -z -uall [8ms]
2024-11-04 13:50:20.862 [info] > git for-each-ref --sort -committerdate --format %(refname) %(objectname) %(*objectname) [15ms]
2024-11-04 13:51:54.835 [info] > git log --format=%H%n%aN%n%aE%n%at%n%ct%n%P%n%D%n%B -z -n227 --follow -- /home/tommyoguro/ruby_oop_task/lib/shopping_app/item.rb [6ms]
2024-11-04 13:51:54.841 [info] > git log --format=%H%n%aN%n%aE%n%at%n%ct%n%P%n%D%n%B -z -n453 --follow -- /home/tommyoguro/ruby_oop_task/lib/shopping_app/item.rb [8ms]
2024-11-04 13:51:55.014 [info] > git show --textconv :lib/shopping_app/item.rb [3ms]
2024-11-04 13:51:55.015 [info] > git ls-files --stage -- /home/tommyoguro/ruby_oop_task/lib/shopping_app/item.rb [2ms]
2024-11-04 13:51:55.019 [info] > git cat-file -s 5a3218c74501f9beb2b3e798e4038e66cfc17503 [2ms]
2024-11-04 13:52:31.800 [info] > git log --format=%H%n%aN%n%aE%n%at%n%ct%n%P%n%D%n%B -z -n227 --follow -- /home/tommyoguro/ruby_oop_task/lib/shopping_app/ownable.rb [5ms]
2024-11-04 13:52:32.006 [info] > git show --textconv :lib/shopping_app/ownable.rb [8ms]
2024-11-04 13:52:32.009 [info] > git ls-files --stage -- /home/tommyoguro/ruby_oop_task/lib/shopping_app/ownable.rb [4ms]
2024-11-04 13:52:32.020 [info] > git cat-file -s 8c74d44e74d938309c1c9a51ea0dbcb3a888786d [3ms]
2024-11-04 13:52:41.781 [info] > git log --format=%H%n%aN%n%aE%n%at%n%ct%n%P%n%D%n%B -z -n227 --follow -- /home/tommyoguro/ruby_oop_task/lib/shopping_app.rb [3ms]
2024-11-04 13:52:46.047 [info] > git config --get commit.template [9ms]
2024-11-04 13:52:46.049 [info] > git for-each-ref --format=%(refname)%00%(upstream:short)%00%(objectname)%00%(upstream:track)%00%(upstream:remotename)%00%(upstream:remoteref) refs/heads/master refs/remotes/master [4ms]
2024-11-04 13:52:46.057 [warning] [Git][revParse] Unable to read file: ENOENT: no such file or directory, open '/home/tommyoguro/ruby_oop_task/.git/refs/remotes/origin/master'
2024-11-04 13:52:46.059 [info] > git rev-parse refs/remotes/origin/master [2ms]
2024-11-04 13:52:46.074 [info] > git status -z -uall [8ms]
2024-11-04 13:52:46.078 [info] > git for-each-ref --sort -committerdate --format %(refname) %(objectname) %(*objectname) [5ms]
2024-11-04 13:52:49.954 [info] > git log --format=%H%n%aN%n%aE%n%at%n%ct%n%P%n%D%n%B -z -n227 --follow -- /home/tommyoguro/ruby_oop_task/lib/shopping_app/cart.rb [3ms]
2024-11-04 13:52:50.184 [info] > git show --textconv :lib/shopping_app/cart.rb [26ms]
2024-11-04 13:52:50.187 [info] > git ls-files --stage -- /home/tommyoguro/ruby_oop_task/lib/shopping_app/cart.rb [7ms]
2024-11-04 13:52:50.196 [info] > git cat-file -s 424a56ddb89b4870170e533f827c4fc6c38c9ff8 [2ms]
2024-11-04 13:52:55.174 [info] > git log --format=%H%n%aN%n%aE%n%at%n%ct%n%P%n%D%n%B -z -n227 --follow -- /home/tommyoguro/ruby_oop_task/lib/shopping_app/customer.rb [3ms]
2024-11-04 13:52:55.387 [info] > git show --textconv :lib/shopping_app/customer.rb [14ms]
2024-11-04 13:52:55.389 [info] > git ls-files --stage -- /home/tommyoguro/ruby_oop_task/lib/shopping_app/customer.rb [4ms]
2024-11-04 13:52:55.399 [info] > git cat-file -s f71237292b460a1fac69a6b7745420e579debeb5 [3ms]
2024-11-04 13:53:03.323 [info] > git config --get commit.template [9ms]
2024-11-04 13:53:03.325 [info] > git for-each-ref --format=%(refname)%00%(upstream:short)%00%(objectname)%00%(upstream:track)%00%(upstream:remotename)%00%(upstream:remoteref) refs/heads/master refs/remotes/master [2ms]
2024-11-04 13:53:03.333 [warning] [Git][revParse] Unable to read file: ENOENT: no such file or directory, open '/home/tommyoguro/ruby_oop_task/.git/refs/remotes/origin/master'
2024-11-04 13:53:03.336 [info] > git rev-parse refs/remotes/origin/master [2ms]
2024-11-04 13:53:03.349 [info] > git status -z -uall [8ms]
2024-11-04 13:53:03.350 [info] > git for-each-ref --sort -committerdate --format %(refname) %(objectname) %(*objectname) [4ms]
2024-11-04 13:53:06.688 [info] > git log --format=%H%n%aN%n%aE%n%at%n%ct%n%P%n%D%n%B -z -n227 --follow -- /home/tommyoguro/ruby_oop_task/lib/shopping_app/item_manager.rb [11ms]
2024-11-04 13:53:06.858 [info] > git show --textconv :lib/shopping_app/item_manager.rb [5ms]
2024-11-04 13:53:06.859 [info] > git ls-files --stage -- /home/tommyoguro/ruby_oop_task/lib/shopping_app/item_manager.rb [3ms]
2024-11-04 13:53:06.862 [info] > git cat-file -s 75186962dcdc6bf9357a11f34508d3ff75cfaf93 [1ms]
2024-11-04 13:53:13.849 [info] > git log --format=%H%n%aN%n%aE%n%at%n%ct%n%P%n%D%n%B -z -n227 --follow -- /home/tommyoguro/ruby_oop_task/lib/shopping_app/item.rb [3ms]
2024-11-04 13:53:14.051 [info] > git show --textconv :lib/shopping_app/item.rb [6ms]
2024-11-04 13:53:14.053 [info] > git ls-files --stage -- /home/tommyoguro/ruby_oop_task/lib/shopping_app/item.rb [4ms]
2024-11-04 13:53:14.059 [info] > git cat-file -s 5a3218c74501f9beb2b3e798e4038e66cfc17503 [2ms]
2024-11-04 13:53:20.910 [info] > git config --get commit.template [6ms]
2024-11-04 13:53:20.912 [info] > git for-each-ref --format=%(refname)%00%(upstream:short)%00%(objectname)%00%(upstream:track)%00%(upstream:remotename)%00%(upstream:remoteref) refs/heads/master refs/remotes/master [2ms]
2024-11-04 13:53:20.916 [warning] [Git][revParse] Unable to read file: ENOENT: no such file or directory, open '/home/tommyoguro/ruby_oop_task/.git/refs/remotes/origin/master'
2024-11-04 13:53:20.917 [info] > git rev-parse refs/remotes/origin/master [2ms]
2024-11-04 13:53:20.928 [info] > git status -z -uall [6ms]
2024-11-04 13:53:20.932 [info] > git for-each-ref --sort -committerdate --format %(refname) %(objectname) %(*objectname) [5ms]
2024-11-04 13:53:24.295 [info] > git config --get commit.template [5ms]
2024-11-04 13:53:24.305 [info] > git for-each-ref --format=%(refname)%00%(upstream:short)%00%(objectname)%00%(upstream:track)%00%(upstream:remotename)%00%(upstream:remoteref) refs/heads/master refs/remotes/master [3ms]
2024-11-04 13:53:24.312 [warning] [Git][revParse] Unable to read file: ENOENT: no such file or directory, open '/home/tommyoguro/ruby_oop_task/.git/refs/remotes/origin/master'
2024-11-04 13:53:24.315 [info] > git rev-parse refs/remotes/origin/master [2ms]
2024-11-04 13:53:24.327 [info] > git status -z -uall [6ms]
2024-11-04 13:53:24.329 [info] > git for-each-ref --sort -committerdate --format %(refname) %(objectname) %(*objectname) [3ms]
2024-11-04 13:53:28.241 [info] > git log --format=%H%n%aN%n%aE%n%at%n%ct%n%P%n%D%n%B -z -n227 --follow -- /home/tommyoguro/ruby_oop_task/lib/shopping_app/ownable.rb [3ms]
2024-11-04 13:53:29.361 [info] > git config --get commit.template [12ms]
2024-11-04 13:53:29.363 [info] > git for-each-ref --format=%(refname)%00%(upstream:short)%00%(objectname)%00%(upstream:track)%00%(upstream:remotename)%00%(upstream:remoteref) refs/heads/master refs/remotes/master [4ms]
2024-11-04 13:53:29.368 [warning] [Git][revParse] Unable to read file: ENOENT: no such file or directory, open '/home/tommyoguro/ruby_oop_task/.git/refs/remotes/origin/master'
2024-11-04 13:53:29.370 [info] > git rev-parse refs/remotes/origin/master [2ms]
2024-11-04 13:53:29.381 [info] > git status -z -uall [6ms]
2024-11-04 13:53:29.382 [info] > git for-each-ref --sort -committerdate --format %(refname) %(objectname) %(*objectname) [2ms]
2024-11-04 13:53:30.165 [info] > git log --format=%H%n%aN%n%aE%n%at%n%ct%n%P%n%D%n%B -z -n227 --follow -- /home/tommyoguro/ruby_oop_task/lib/shopping_app/seller.rb [3ms]
2024-11-04 13:53:30.383 [info] > git show --textconv :lib/shopping_app/seller.rb [9ms]
2024-11-04 13:53:30.385 [info] > git ls-files --stage -- /home/tommyoguro/ruby_oop_task/lib/shopping_app/seller.rb [4ms]
2024-11-04 13:53:30.395 [info] > git cat-file -s afd1af4aacd06f08d36b4dc69422be5518bde4ea [4ms]
2024-11-04 13:53:32.469 [info] > git log --format=%H%n%aN%n%aE%n%at%n%ct%n%P%n%D%n%B -z -n227 --follow -- /home/tommyoguro/ruby_oop_task/lib/shopping_app/user.rb [2ms]
2024-11-04 13:53:32.673 [info] > git show --textconv :lib/shopping_app/user.rb [7ms]
2024-11-04 13:53:32.676 [info] > git ls-files --stage -- /home/tommyoguro/ruby_oop_task/lib/shopping_app/user.rb [4ms]
2024-11-04 13:53:32.685 [info] > git cat-file -s 1f608d97d5de98e3a86c8f9f4c8f6df9b2199cfb [3ms]
2024-11-04 13:53:36.112 [info] > git log --format=%H%n%aN%n%aE%n%at%n%ct%n%P%n%D%n%B -z -n227 --follow -- /home/tommyoguro/ruby_oop_task/lib/shopping_app/wallet.rb [3ms]
2024-11-04 13:53:36.304 [info] > git show --textconv :lib/shopping_app/wallet.rb [8ms]
2024-11-04 13:53:36.306 [info] > git ls-files --stage -- /home/tommyoguro/ruby_oop_task/lib/shopping_app/wallet.rb [4ms]
2024-11-04 13:53:36.318 [info] > git cat-file -s 39c5796bbda84fb0d066f6260505eb88a903d5f7 [4ms]
2024-11-04 13:53:42.016 [info] > git config --get commit.template [13ms]
2024-11-04 13:53:42.017 [info] > git for-each-ref --format=%(refname)%00%(upstream:short)%00%(objectname)%00%(upstream:track)%00%(upstream:remotename)%00%(upstream:remoteref) refs/heads/master refs/remotes/master [6ms]
2024-11-04 13:53:42.023 [warning] [Git][revParse] Unable to read file: ENOENT: no such file or directory, open '/home/tommyoguro/ruby_oop_task/.git/refs/remotes/origin/master'
2024-11-04 13:53:42.025 [info] > git rev-parse refs/remotes/origin/master [3ms]
2024-11-04 13:53:42.038 [info] > git status -z -uall [8ms]
2024-11-04 13:53:42.040 [info] > git for-each-ref --sort -committerdate --format %(refname) %(objectname) %(*objectname) [3ms]
2024-11-04 13:53:47.598 [info] > git log --format=%H%n%aN%n%aE%n%at%n%ct%n%P%n%D%n%B -z -n227 --follow -- /home/tommyoguro/ruby_oop_task/lib/shopping_app.rb [3ms]
2024-11-04 13:53:47.799 [info] > git show --textconv :lib/shopping_app.rb [3ms]
2024-11-04 13:53:47.800 [info] > git ls-files --stage -- /home/tommyoguro/ruby_oop_task/lib/shopping_app.rb [1ms]
2024-11-04 13:53:47.805 [info] > git cat-file -s 0e17de0f3ea5ec9a244bb199a17a5c67c8da0176 [1ms]
2024-11-04 18:45:51.631 [info] > git log --format=%H%n%aN%n%aE%n%at%n%ct%n%P%n%D%n%B -z --shortstat --diff-merges=first-parent -n50 --skip=0 --topo-order --decorate=full --stdin [78ms]
2024-11-05 00:02:46.064 [info] > git rev-parse --show-toplevel [9ms]
2024-11-05 00:02:46.077 [info] > git rev-parse --git-dir --git-common-dir [1ms]
2024-11-05 00:02:46.146 [info] [Model][openRepository] Opened repository: /home/tommyoguro
2024-11-05 00:02:46.157 [info] > git config --get commit.template [1ms]
2024-11-05 00:02:46.162 [info] [Git][getRemotes] No remotes found in the git config file
2024-11-05 00:02:46.162 [info] > git for-each-ref --format=%(refname)%00%(upstream:short)%00%(objectname)%00%(upstream:track)%00%(upstream:remotename)%00%(upstream:remoteref) refs/heads/master refs/remotes/master [1ms]
2024-11-05 00:02:46.164 [warning] [Git][getBranch] No such branch: master
2024-11-05 00:02:46.173 [info] > git for-each-ref --sort -committerdate --format %(refname) %(objectname) %(*objectname) [1ms]
2024-11-05 00:02:46.186 [info] > git status -z -uall [19ms]
2024-11-05 00:02:44.942 [info] > git for-each-ref --format=%(refname)%00%(upstream:short)%00%(objectname)%00%(upstream:track)%00%(upstream:remotename)%00%(upstream:remoteref) refs/heads/master refs/remotes/master [-1325ms]
2024-11-05 00:02:44.942 [warning] [Git][getBranch] No such branch: master
2024-11-05 00:02:44.947 [error] [GitHistoryProvider][resolveHEADMergeBase] Failed to resolve merge base for master: Error: No such branch: master.
2024-11-05 00:02:45.029 [info] > git config --get commit.template [88ms]
2024-11-05 00:02:45.036 [info] [Git][getRemotes] No remotes found in the git config file
2024-11-05 00:02:45.037 [info] > git for-each-ref --format=%(refname)%00%(upstream:short)%00%(objectname)%00%(upstream:track)%00%(upstream:remotename)%00%(upstream:remoteref) refs/heads/master refs/remotes/master [1ms]
2024-11-05 00:02:45.038 [warning] [Git][getBranch] No such branch: master
2024-11-05 00:02:45.055 [info] > git for-each-ref --sort -committerdate --format %(refname) %(objectname) %(*objectname) [2ms]
2024-11-05 00:02:45.061 [info] > git status -z -uall [15ms]
2024-11-05 00:03:45.441 [info] > git rev-list --count 2efdd402306cb0161034db4e57017c07159203f4.. -- /home/tommyoguro/ruby_oop_task/lib/shopping_app.rb [44ms]
2024-11-05 00:03:45.445 [info] > git log --format=%H%n%aN%n%aE%n%at%n%ct%n%P%n%D%n%B -z -n3 --follow -- /home/tommyoguro/ruby_oop_task/lib/shopping_app.rb [2ms]
2024-11-05 00:03:45.903 [info] > git check-ignore -v -z --stdin [13ms]
2024-11-05 00:03:45.904 [info] > git check-ignore -v -z --stdin [8ms]
2024-11-05 00:03:45.906 [info] > git check-ignore -v -z --stdin [5ms]
