2024-11-03 17:23:59.242 [info] [main] ログ レベル: Info
2024-11-03 17:23:59.242 [info] [main] Git の検証が検出されました: "git"
2024-11-03 17:23:59.243 [info] [main] "git" から Git "2.34.1" を使用しています
2024-11-03 17:23:59.243 [info] [Model][doInitialScan] Initial repository scan started
2024-11-03 17:23:59.243 [info] > git rev-parse --show-toplevel [29ms]
2024-11-03 17:23:59.243 [info] fatal: not a git repository (or any of the parent directories): .git
2024-11-03 17:23:59.243 [info] > git rev-parse --show-toplevel [29ms]
2024-11-03 17:23:59.243 [info] fatal: not a git repository (or any of the parent directories): .git
2024-11-03 17:23:59.246 [info] > git rev-parse --show-toplevel [15ms]
2024-11-03 17:23:59.246 [info] fatal: not a git repository (or any of the parent directories): .git
2024-11-03 17:23:59.309 [info] > git rev-parse --show-toplevel [3ms]
2024-11-03 17:23:59.310 [info] fatal: not a git repository (or any of the parent directories): .git
2024-11-03 17:23:59.331 [info] > git rev-parse --show-toplevel [4ms]
2024-11-03 17:23:59.331 [info] fatal: not a git repository (or any of the parent directories): .git
2024-11-03 17:23:59.352 [info] > git rev-parse --show-toplevel [4ms]
2024-11-03 17:23:59.352 [info] fatal: not a git repository (or any of the parent directories): .git
2024-11-03 17:23:59.375 [info] > git rev-parse --show-toplevel [4ms]
2024-11-03 17:23:59.375 [info] fatal: not a git repository (or any of the parent directories): .git
2024-11-03 17:23:59.427 [info] > git rev-parse --show-toplevel [23ms]
2024-11-03 17:23:59.498 [info] > git rev-parse --git-dir --git-common-dir [49ms]
2024-11-03 17:23:59.668 [info] [Model][openRepository] Opened repository: /home/tommyoguro/.rbenv
2024-11-03 17:23:59.768 [info] > git rev-parse --show-toplevel [31ms]
2024-11-03 17:23:59.768 [info] fatal: not a git repository (or any of the parent directories): .git
2024-11-03 17:23:59.778 [info] > git config --get commit.template [43ms]
2024-11-03 17:23:59.820 [info] > git rev-parse --show-toplevel [31ms]
2024-11-03 17:23:59.821 [info] fatal: not a git repository (or any of the parent directories): .git
2024-11-03 17:23:59.843 [info] > git rev-parse --show-toplevel [5ms]
2024-11-03 17:23:59.844 [info] fatal: not a git repository (or any of the parent directories): .git
2024-11-03 17:23:59.863 [info] > git rev-parse --show-toplevel [3ms]
2024-11-03 17:23:59.864 [info] fatal: not a git repository (or any of the parent directories): .git
2024-11-03 17:23:59.897 [info] > git for-each-ref --format=%(refname)%00%(upstream:short)%00%(objectname)%00%(upstream:track)%00%(upstream:remotename)%00%(upstream:remoteref) refs/heads/master refs/remotes/master [80ms]
2024-11-03 17:23:59.903 [info] > git rev-parse --show-toplevel [17ms]
2024-11-03 17:23:59.903 [info] fatal: not a git repository (or any of the parent directories): .git
2024-11-03 17:23:59.914 [warning] [Git][revParse] Unable to read file: ENOENT: no such file or directory, open '/home/tommyoguro/.rbenv/.git/refs/remotes/origin/master'
2024-11-03 17:23:59.948 [info] > git rev-parse --show-toplevel [24ms]
2024-11-03 17:23:59.949 [info] fatal: not a git repository (or any of the parent directories): .git
2024-11-03 17:23:59.950 [info] > git rev-parse refs/remotes/origin/master [37ms]
2024-11-03 17:24:00.042 [info] > git rev-parse --show-toplevel [4ms]
2024-11-03 17:24:00.042 [info] fatal: not a git repository (or any of the parent directories): .git
2024-11-03 17:24:00.062 [info] > git for-each-ref --sort -committerdate --format %(refname) %(objectname) %(*objectname) [50ms]
2024-11-03 17:24:00.091 [info] > git rev-parse --show-toplevel [22ms]
2024-11-03 17:24:00.091 [info] fatal: not a git repository (or any of the parent directories): .git
2024-11-03 17:24:00.108 [info] > git rev-parse --show-toplevel [8ms]
2024-11-03 17:24:00.150 [info] > git rev-parse --git-dir --git-common-dir [12ms]
2024-11-03 17:24:00.178 [info] [Model][openRepository] Opened repository: /home/tommyoguro/ruby_oop_task
2024-11-03 17:24:00.214 [info] > git status -z -uall [236ms]
2024-11-03 17:24:00.340 [info] > git for-each-ref --format=%(refname)%00%(upstream:short)%00%(objectname)%00%(upstream:track)%00%(upstream:remotename)%00%(upstream:remoteref) refs/heads/master refs/remotes/master [51ms]
2024-11-03 17:24:00.364 [info] > git config --get commit.template [150ms]
2024-11-03 17:24:00.365 [info] > git rev-parse --show-toplevel [164ms]
2024-11-03 17:24:00.386 [info] > git config --local branch.master.vscode-merge-base [24ms]
2024-11-03 17:24:00.416 [info] > git config --get commit.template [73ms]
2024-11-03 17:24:00.485 [info] > git for-each-ref --format=%(refname)%00%(upstream:short)%00%(objectname)%00%(upstream:track)%00%(upstream:remotename)%00%(upstream:remoteref) refs/heads/origin/master refs/remotes/origin/master [75ms]
2024-11-03 17:24:00.682 [info] > git rev-parse --git-dir --git-common-dir [303ms]
2024-11-03 17:24:00.746 [info] [Model][openRepository] Opened repository: /home/tommyoguro/ruby_sample
2024-11-03 17:24:00.990 [info] > git merge-base refs/heads/master refs/remotes/origin/master [430ms]
2024-11-03 17:24:01.021 [info] > git for-each-ref --format=%(refname)%00%(upstream:short)%00%(objectname)%00%(upstream:track)%00%(upstream:remotename)%00%(upstream:remoteref) refs/heads/master refs/remotes/master [576ms]
2024-11-03 17:24:01.054 [warning] [Git][revParse] Unable to read file: ENOENT: no such file or directory, open '/home/tommyoguro/ruby_oop_task/.git/refs/remotes/origin/master'
2024-11-03 17:24:01.091 [info] > git diff --name-status -z --diff-filter=ADMR c335ab83de40d48093870d300de52c61bbd68359...refs/remotes/origin/master [65ms]
2024-11-03 17:24:01.097 [info] > git rev-parse --show-toplevel [157ms]
2024-11-03 17:24:01.099 [info] fatal: not a git repository (or any of the parent directories): .git
2024-11-03 17:24:01.108 [info] > git config --get commit.template [248ms]
2024-11-03 17:24:01.110 [info] > git for-each-ref --format=%(refname)%00%(upstream:short)%00%(objectname)%00%(upstream:track)%00%(upstream:remotename)%00%(upstream:remoteref) refs/heads/master refs/remotes/master [292ms]
2024-11-03 17:24:01.140 [warning] [Git][revParse] Unable to read file: ENOENT: no such file or directory, open '/home/tommyoguro/.rbenv/.git/refs/remotes/origin/master'
2024-11-03 17:24:01.150 [info] > git rev-parse refs/remotes/origin/master [90ms]
2024-11-03 17:24:01.207 [info] > git status -z -uall [39ms]
2024-11-03 17:24:01.208 [info] > git rev-parse refs/remotes/origin/master [67ms]
2024-11-03 17:24:01.240 [info] > git rev-parse --show-toplevel [111ms]
2024-11-03 17:24:01.241 [info] fatal: not a git repository (or any of the parent directories): .git
2024-11-03 17:24:01.297 [info] [Model][doInitialScan] Initial repository scan completed - repositories (3), closed repositories (0), parent repositories (0), unsafe repositories (0)
2024-11-03 17:24:01.349 [info] > git status -z -uall [127ms]
2024-11-03 17:24:01.351 [info] > git for-each-ref --sort -committerdate --format %(refname) %(objectname) %(*objectname) [110ms]
2024-11-03 17:24:01.392 [info] > git for-each-ref --format=%(refname)%00%(upstream:short)%00%(objectname)%00%(upstream:track)%00%(upstream:remotename)%00%(upstream:remoteref) refs/heads/main refs/remotes/main [188ms]
2024-11-03 17:24:01.401 [info] > git for-each-ref --sort -committerdate --format %(refname) %(objectname) %(*objectname) [212ms]
2024-11-03 17:24:01.510 [info] > git for-each-ref --format=%(refname)%00%(upstream:short)%00%(objectname)%00%(upstream:track)%00%(upstream:remotename)%00%(upstream:remoteref) refs/heads/master refs/remotes/master [54ms]
2024-11-03 17:24:01.547 [info] > git config --local branch.master.vscode-merge-base [20ms]
2024-11-03 17:24:01.565 [info] > git config --get commit.template [71ms]
2024-11-03 17:24:01.571 [info] > git for-each-ref --format=%(refname)%00%(upstream:short)%00%(objectname)%00%(upstream:track)%00%(upstream:remotename)%00%(upstream:remoteref) refs/heads/origin/master refs/remotes/origin/master [6ms]
2024-11-03 17:24:01.678 [info] > git for-each-ref --sort -committerdate --format %(refname) %(objectname) %(*objectname) [21ms]
2024-11-03 17:24:01.691 [info] > git for-each-ref --format=%(refname)%00%(upstream:short)%00%(objectname)%00%(upstream:track)%00%(upstream:remotename)%00%(upstream:remoteref) refs/heads/master refs/remotes/master [68ms]
2024-11-03 17:24:01.694 [info] > git merge-base refs/heads/master refs/remotes/origin/master [88ms]
2024-11-03 17:24:01.770 [warning] [Git][revParse] Unable to read file: ENOENT: no such file or directory, open '/home/tommyoguro/ruby_oop_task/.git/refs/remotes/origin/master'
2024-11-03 17:24:01.791 [info] > git status -z -uall [155ms]
2024-11-03 17:24:01.904 [info] > git for-each-ref --format=%(refname)%00%(upstream:short)%00%(objectname)%00%(upstream:track)%00%(upstream:remotename)%00%(upstream:remoteref) refs/heads/main refs/remotes/main [39ms]
2024-11-03 17:24:01.935 [info] > git rev-parse refs/remotes/origin/master [164ms]
2024-11-03 17:24:01.982 [info] > git diff --name-status -z --diff-filter=ADMR aa627a4809fa73e1973e37e0995dd04f5331c7f1...refs/remotes/origin/master [259ms]
2024-11-03 17:24:02.026 [info] > git status -z -uall [67ms]
2024-11-03 17:24:02.027 [info] > git for-each-ref --sort -committerdate --format %(refname) %(objectname) %(*objectname) [47ms]
2024-11-03 17:24:02.074 [info] > git config --local branch.main.vscode-merge-base [139ms]
2024-11-03 17:24:02.074 [warning] [Git][config] git config failed: Failed to execute git
2024-11-03 17:24:02.087 [info] > git config --get commit.template [196ms]
2024-11-03 17:24:02.123 [info] > git for-each-ref --format=%(refname)%00%(upstream:short)%00%(objectname)%00%(upstream:track)%00%(upstream:remotename)%00%(upstream:remoteref) refs/heads/main refs/remotes/main [7ms]
2024-11-03 17:24:02.188 [info] > git status -z -uall [22ms]
2024-11-03 17:24:02.192 [info] > git reflog main --grep-reflog=branch: Created from *. [105ms]
2024-11-03 17:24:02.223 [info] > git for-each-ref --sort -committerdate --format %(refname) %(objectname) %(*objectname) [47ms]
2024-11-03 17:24:02.291 [info] > git symbolic-ref --short refs/remotes/origin/HEAD [79ms]
2024-11-03 17:24:02.291 [info] fatal: ref refs/remotes/origin/HEAD is not a symbolic ref
2024-11-03 17:24:02.292 [warning] [Repository][getDefaultBranch] Failed to get default branch details: Failed to execute git.
2024-11-03 17:24:02.313 [info] > git merge-base refs/heads/main refs/remotes/origin/main [13ms]
2024-11-03 17:24:02.332 [info] > git for-each-ref --format=%(refname)%00%(upstream:short)%00%(objectname)%00%(upstream:track)%00%(upstream:remotename)%00%(upstream:remoteref) refs/heads/main refs/remotes/main [55ms]
2024-11-03 17:24:02.357 [info] > git config --local branch.main.vscode-merge-base [16ms]
2024-11-03 17:24:02.358 [warning] [Git][config] git config failed: Failed to execute git
2024-11-03 17:24:02.380 [info] > git diff --name-status -z --diff-filter=ADMR 2bbc66866a4f81b11a9410f2c3366b082eae37b3...refs/remotes/origin/main [49ms]
2024-11-03 17:24:02.397 [info] > git reflog main --grep-reflog=branch: Created from *. [19ms]
2024-11-03 17:24:02.419 [info] > git symbolic-ref --short refs/remotes/origin/HEAD [13ms]
2024-11-03 17:24:02.419 [info] fatal: ref refs/remotes/origin/HEAD is not a symbolic ref
2024-11-03 17:24:02.419 [warning] [Repository][getDefaultBranch] Failed to get default branch details: Failed to execute git.
2024-11-03 17:25:40.559 [info] > git config --get commit.template [65ms]
2024-11-03 17:25:40.572 [info] > git for-each-ref --format=%(refname)%00%(upstream:short)%00%(objectname)%00%(upstream:track)%00%(upstream:remotename)%00%(upstream:remoteref) refs/heads/master refs/remotes/master [55ms]
2024-11-03 17:25:40.589 [warning] [Git][revParse] Unable to read file: ENOENT: no such file or directory, open '/home/tommyoguro/.rbenv/.git/refs/remotes/origin/master'
2024-11-03 17:25:40.592 [info] > git rev-parse refs/remotes/origin/master [3ms]
2024-11-03 17:25:40.785 [info] > git status -z -uall [84ms]
2024-11-03 17:25:40.800 [info] > git for-each-ref --sort -committerdate --format %(refname) %(objectname) %(*objectname) [36ms]
